<?xml version="1.0" encoding="UTF-8"?>
<!-- Generated by org.testng.reporters.JUnitReportReporter -->
<testsuite skipped="0" hostname="DESKTOP-KQONPT3" name="com.flaconi.tests.BuyParfumTest" tests="1" failures="0" timestamp="16 июл 2018 00:57:07 GMT" time="19.164" errors="0">
  <testcase name="buyParfumTest" time="19.164" classname="com.flaconi.tests.BuyParfumTest"/>
</testsuite> <!-- com.flaconi.tests.BuyParfumTest -->
